[0m[[0m[0mdebug[0m] [0m[0m> Exec(__runWatch console0, Some(3666b464-dba3-41d7-8944-f3867b6e624a), Some(CommandSource(console0)))[0m
[0m[[0m[0mdebug[0m] [0m[0m> Exec(sbtStashOnFailure, None, Some(CommandSource(console0)))[0m
[0m[[0m[0mdebug[0m] [0m[0m> Exec(__preWatch console0, None, Some(CommandSource(console0)))[0m
[0m[[0m[0mdebug[0m] [0m[0m> Exec(test:testOnly *UnitTests, None, Some(CommandSource(console0)))[0m
[0m[[0m[0mdebug[0m] [0m[0mEvaluating tasks: Test / testOnly[0m
[0m[[0m[33mwarn[0m] [0m[0msbt 0.13 shell syntax is deprecated; use slash syntax instead: Test / testOnly[0m
[0m[[0m[0mdebug[0m] [0m[0mRunning task... Cancel: Signal, check cycles: false, forcegc: true[0m
[0m[[0m[0mdebug[0m] [0m[0mjsonRpcNotify: JsonRpcNotificationMessage(2.0, build/taskStart, {"taskId":{"id":"194","parents":[]},"eventTime":1684511780019,"message":"Compiling root","dataKind":"compile-task","data":{"target":{"uri":"file:/home/git/scala-katas/#root/Compile"}}})[0m
[0m[[0m[0mdebug[0m] [0m[0mjsonRpcNotify: JsonRpcNotificationMessage(2.0, build/taskFinish, {"taskId":{"id":"194","parents":[]},"eventTime":1684511780031,"message":"Compiled root","status":1,"dataKind":"compile-report","data":{"target":{"uri":"file:/home/git/scala-katas/#root/Compile"},"errors":0,"warnings":0,"time":12}})[0m
[0m[[0m[0mdebug[0m] [0m[0mjsonRpcNotify: JsonRpcNotificationMessage(2.0, build/taskStart, {"taskId":{"id":"195","parents":[]},"eventTime":1684511780038,"message":"Compiling root-test","dataKind":"compile-task","data":{"target":{"uri":"file:/home/git/scala-katas/#root/Test"}}})[0m
[0m[[0m[0minfo[0m] [0m[0mcompiling 1 Scala source to /home/git/scala-katas/target/scala-3.2.2/test-classes ...[0m
[0m[[0m[0mdebug[0m] [0m[0mjsonRpcNotify: JsonRpcNotificationMessage(2.0, build/logMessage, {"type":3,"message":"compiling 1 Scala source to /home/git/scala-katas/target/scala-3.2.2/test-classes ..."})[0m
[0m[[0m[0mdebug[0m] [0m[0mjsonRpcNotify: JsonRpcNotificationMessage(2.0, build/taskFinish, {"taskId":{"id":"195","parents":[]},"eventTime":1684511780546,"message":"Compiled root-test","status":1,"dataKind":"compile-report","data":{"target":{"uri":"file:/home/git/scala-katas/#root/Test"},"errors":0,"warnings":0,"time":508}})[0m
[0m[[0m[31merror[0m] [0m[0mFailed: Total 19, Failed 4, Errors 0, Passed 15[0m
[0m[[0m[0mdebug[0m] [0m[0mjsonRpcNotify: JsonRpcNotificationMessage(2.0, build/logMessage, {"type":1,"message":"Failed: Total 19, Failed 4, Errors 0, Passed 15"})[0m
[0m[[0m[31merror[0m] [0m[0mFailed tests:[0m
[0m[[0m[0mdebug[0m] [0m[0mjsonRpcNotify: JsonRpcNotificationMessage(2.0, build/logMessage, {"type":1,"message":"Failed tests:"})[0m
[0m[[0m[31merror[0m] [0m[0m	UnitTests[0m
[0m[[0m[0mdebug[0m] [0m[0mjsonRpcNotify: JsonRpcNotificationMessage(2.0, build/logMessage, {"type":1,"message":"\tUnitTests"})[0m
[0m[[0m[31merror[0m] [0m[0m(Test / [31mtestOnly[0m) sbt.TestsFailedException: Tests unsuccessful[0m
[0m[[0m[0mdebug[0m] [0m[0mjsonRpcNotify: JsonRpcNotificationMessage(2.0, build/logMessage, {"type":1,"message":"(Test / \u001b[31mtestOnly\u001b[0m) sbt.TestsFailedException: Tests unsuccessful"})[0m
[0m[[0m[31merror[0m] [0m[0mTotal time: 1 s, completed 19-May-2023 16:56:20[0m
[0m[[0m[0mdebug[0m] [0m[0m> Exec(resumeFromFailure, None, Some(CommandSource(console0)))[0m
[0m[[0m[0mdebug[0m] [0m[0m> Exec(sbtPopOnFailure, None, Some(CommandSource(console0)))[0m
[0m[[0m[0mdebug[0m] [0m[0m> Exec(__postWatch console0, None, Some(CommandSource(console0)))[0m
[0m[[0m[0mdebug[0m] [0m[0m> Exec(resumeFromFailure, None, None)[0m
[0m[[0m[0mdebug[0m] [0m[0m> Exec(__waitWatch console0, None, None)[0m
[0m[[0m[0mdebug[0m] [0m[0mlsp-definition json request: {"textDocument":{"uri":"file:///home/git/scala-katas/src/main/scala/Main.scala"},"position":{"line":28,"character":29}}[0m
[0m[[0m[0mdebug[0m] [0m[0mlsp-definition found line:   def moveRoverNorth(roverPosition: String): Either[String, String] =[0m
[0m[[0m[0mdebug[0m] [0m[0mUnhandled request received: shutdown: JsonRpcRequestMessage(2.0, ♨155, shutdown, null})[0m
