[0m[[0m[0mdebug[0m] [0m[0m> Exec(__runWatch console0, Some(3545ac6e-a1be-435a-a1b5-ab11889a423f), Some(CommandSource(console0)))[0m
[0m[[0m[0mdebug[0m] [0m[0m> Exec(sbtStashOnFailure, None, Some(CommandSource(console0)))[0m
[0m[[0m[0mdebug[0m] [0m[0m> Exec(__preWatch console0, None, Some(CommandSource(console0)))[0m
[0m[[0m[0mdebug[0m] [0m[0m> Exec(testOnly *UnitTests, None, Some(CommandSource(console0)))[0m
[0m[[0m[0mdebug[0m] [0m[0mEvaluating tasks: Test / testOnly[0m
[0m[[0m[0mdebug[0m] [0m[0mRunning task... Cancel: Signal, check cycles: false, forcegc: true[0m
[0m[[0m[0mdebug[0m] [0m[0mjsonRpcNotify: JsonRpcNotificationMessage(2.0, build/taskStart, {"taskId":{"id":"87","parents":[]},"eventTime":1685115065603,"message":"Compiling root","dataKind":"compile-task","data":{"target":{"uri":"file:/home/sammiecohen/git/scala-katas/#root/Compile"}}})[0m
[0m[[0m[0minfo[0m] [0m[0mcompiling 1 Scala source to /home/sammiecohen/git/scala-katas/target/scala-3.2.2/classes ...[0m
[0m[[0m[0mdebug[0m] [0m[0mjsonRpcNotify: JsonRpcNotificationMessage(2.0, build/logMessage, {"type":3,"message":"compiling 1 Scala source to /home/sammiecohen/git/scala-katas/target/scala-3.2.2/classes ..."})[0m
[0m[[0m[0mdebug[0m] [0m[0mjsonRpcNotify: JsonRpcNotificationMessage(2.0, build/taskFinish, {"taskId":{"id":"87","parents":[]},"eventTime":1685115065799,"message":"Compiled root","status":1,"dataKind":"compile-report","data":{"target":{"uri":"file:/home/sammiecohen/git/scala-katas/#root/Compile"},"errors":0,"warnings":0,"time":196}})[0m
[0m[[0m[0mdebug[0m] [0m[0mjsonRpcNotify: JsonRpcNotificationMessage(2.0, build/taskStart, {"taskId":{"id":"88","parents":[]},"eventTime":1685115065804,"message":"Compiling root-test","dataKind":"compile-task","data":{"target":{"uri":"file:/home/sammiecohen/git/scala-katas/#root/Test"}}})[0m
[0m[[0m[0mdebug[0m] [0m[0mjsonRpcNotify: JsonRpcNotificationMessage(2.0, build/taskFinish, {"taskId":{"id":"88","parents":[]},"eventTime":1685115065807,"message":"Compiled root-test","status":1,"dataKind":"compile-report","data":{"target":{"uri":"file:/home/sammiecohen/git/scala-katas/#root/Test"},"errors":0,"warnings":0,"time":3}})[0m
[0m[[0m[0minfo[0m] [0m[0mPassed: Total 23, Failed 0, Errors 0, Passed 23[0m
[0m[[0m[0mdebug[0m] [0m[0mjsonRpcNotify: JsonRpcNotificationMessage(2.0, build/logMessage, {"type":3,"message":"Passed: Total 23, Failed 0, Errors 0, Passed 23"})[0m
[0m[[0m[32msuccess[0m] [0m[0mTotal time: 0 s, completed 26-May-2023 16:31:05[0m
[0m[[0m[0mdebug[0m] [0m[0m> Exec(resumeFromFailure, None, Some(CommandSource(console0)))[0m
[0m[[0m[0mdebug[0m] [0m[0m> Exec(sbtPopOnFailure, None, Some(CommandSource(console0)))[0m
[0m[[0m[0mdebug[0m] [0m[0m> Exec(__postWatch console0, None, Some(CommandSource(console0)))[0m
[0m[[0m[0mdebug[0m] [0m[0m> Exec(resumeFromFailure, None, None)[0m
[0m[[0m[0mdebug[0m] [0m[0m> Exec(__waitWatch console0, None, None)[0m
